<?xml version="1.0" encoding="UTF-8"?>
<!-- Generated by org.testng.reporters.JUnitReportReporter -->
<testsuite skipped="1" hostname="Halimes-MacBook-Air.local" name="com.qa.hubspot.tests.LoginPageTest" tests="2" failures="0" timestamp="2020-07-16T20:13:08 EDT" time="13.743" errors="0">
  <testcase name="loginTest" time="13.743" classname="com.qa.hubspot.tests.LoginPageTest"/>
  <system-out/>
  <testcase name="login_InvalidTestCase" classname="com.qa.hubspot.tests.LoginPageTest">
    <skipped/>
  </testcase> <!-- login_InvalidTestCase -->
  <system-out/>
</testsuite> <!-- com.qa.hubspot.tests.LoginPageTest -->
